[34minfo[39m: Beginning Dredd testing...
[33mwarn[39m: Runtime compilation warning: 
Ambigous URI template: /user/tokens{?application} 
Parameter not defined:'application'
 on User > Tokens Collection > List the authenticated User's Tokens
[33mwarn[39m: Runtime compilation warning: 
Ambigous URI template: /user/tokens{?application} 
Parameter not defined:'application'
 on User > Tokens Collection > Remove the authenticated User's Tokens
[33mwarn[39m: Runtime compilation warning: 
Ambigous URI template: /user/tokens/{id} 
Parameter not defined:'id'
 on User > Token > Retrieve an authenticated User's Token
[33mwarn[39m: Runtime compilation warning: 
Ambigous URI template: /user/tokens/{id} 
Parameter not defined:'id'
 on User > Token > Remove an authenticated User's Token
[33mwarn[39m: Runtime compilation warning: 
Ambigous URI template: /users/{username} 
Parameter not defined:'username'
 on Users > User > Retrieve a User
[33mwarn[39m: Runtime compilation warning: 
Ambigous URI template: /user/{username}/sales 
Parameter not defined:'username'
 on Users > User Sales Collection > Retrieve a User's Sales
[33mwarn[39m: Runtime compilation warning: 
Ambigous URI template: /applications/{id} 
Parameter not defined:'id'
 on Applications > Application > Retrieve an Application
[33mwarn[39m: Runtime compilation warning: 
Ambigous URI template: /applications/{id} 
Parameter not defined:'id'
 on Applications > Application > Update an Application
[33mwarn[39m: Runtime compilation warning: 
Ambigous URI template: /applications/{id} 
Parameter not defined:'id'
 on Applications > Application > Remove an Application
[33mwarn[39m: Runtime compilation warning: 
Ambigous URI template: /properties/{id} 
Parameter not defined:'id'
 on Properties > Property > Retrieve a Property
[33mwarn[39m: Runtime compilation warning: 
Ambigous URI template: /properties/{id} 
Parameter not defined:'id'
 on Properties > Property > Update a Property
[33mwarn[39m: Runtime compilation warning: 
Ambigous URI template: /properties/{id} 
Parameter not defined:'id'
 on Properties > Property > Remove a Property
[33mwarn[39m: Runtime compilation warning: 
Ambigous URI template: /properties/{propId}/images 
Parameter not defined:'propId'
 on Properties > Images Collection > List all of the Property's Images
[33mwarn[39m: Runtime compilation warning: 
Ambigous URI template: /properties/{propId}/images 
Parameter not defined:'propId'
 on Properties > Images Collection > Create a Property Image
[33mwarn[39m: Runtime compilation warning: 
Ambigous URI template: /properties/{propId}/images/{imageId} 
Parameter not defined:'propId'
 on Properties > Image > Retrieve a Property Image
[33mwarn[39m: Runtime compilation warning: 
Ambigous URI template: /properties/{propId}/images/{imageId} 
Parameter not defined:'imageId'
 on Properties > Image > Retrieve a Property Image
[33mwarn[39m: Runtime compilation warning: 
Ambigous URI template: /properties/{propId}/images/{imageId} 
Parameter not defined:'propId'
 on Properties > Image > Update a Property Image
[33mwarn[39m: Runtime compilation warning: 
Ambigous URI template: /properties/{propId}/images/{imageId} 
Parameter not defined:'imageId'
 on Properties > Image > Update a Property Image
[33mwarn[39m: Runtime compilation warning: 
Ambigous URI template: /properties/{propId}/images/{imageId} 
Parameter not defined:'propId'
 on Properties > Image > Remove a Property Image
[33mwarn[39m: Runtime compilation warning: 
Ambigous URI template: /properties/{propId}/images/{imageId} 
Parameter not defined:'imageId'
 on Properties > Image > Remove a Property Image
[33mwarn[39m: Runtime compilation warning: 
Ambigous URI template: /properties/{propId}/sales 
Parameter not defined:'propId'
 on Properties > Property Sale Collection > List all of the Property's Sales
[33mwarn[39m: Runtime compilation warning: 
Ambigous URI template: /properties/{propId}/sales 
Parameter not defined:'propId'
 on Properties > Property Sale Collection > Create a Property Sale
[33mwarn[39m: Runtime compilation warning: 
Ambigous URI template: /properties/{propId}/sales/{saleId} 
Parameter not defined:'propId'
 on Properties > Property Sale > Retrieve a Property Sale
[33mwarn[39m: Runtime compilation warning: 
Ambigous URI template: /properties/{propId}/sales/{saleId} 
Parameter not defined:'saleId'
 on Properties > Property Sale > Retrieve a Property Sale
[33mwarn[39m: Runtime compilation warning: 
Ambigous URI template: /properties/{propId}/sales/{saleId} 
Parameter not defined:'propId'
 on Properties > Property Sale > Update a Property Sale
[33mwarn[39m: Runtime compilation warning: 
Ambigous URI template: /properties/{propId}/sales/{saleId} 
Parameter not defined:'saleId'
 on Properties > Property Sale > Update a Property Sale
[33mwarn[39m: Runtime compilation warning: 
Ambigous URI template: /properties/{propId}/sales/{saleId} 
Parameter not defined:'propId'
 on Properties > Property Sale > Remove a Property Sale
[33mwarn[39m: Runtime compilation warning: 
Ambigous URI template: /properties/{propId}/sales/{saleId} 
Parameter not defined:'saleId'
 on Properties > Property Sale > Remove a Property Sale
[33mwarn[39m: Runtime compilation warning: 
Ambigous URI template: /sales/{id} 
Parameter not defined:'id'
 on Sales > Sale > Retrieve a Sale
[33mwarn[39m: Runtime compilation warning: 
Ambigous URI template: /sales/{saleId}/offers 
Parameter not defined:'saleId'
 on Sales > Offer Collection > List all of the Sale's Offers
[33mwarn[39m: Runtime compilation warning: 
Ambigous URI template: /sales/{saleId}/offers 
Parameter not defined:'saleId'
 on Sales > Offer Collection > Create a Sale Offer
[33mwarn[39m: Runtime compilation warning: 
Ambigous URI template: /sales/{saleId}/offers/{offerId} 
Parameter not defined:'saleId'
 on Sales > Offer > Retrieve a Sale Offer
[33mwarn[39m: Runtime compilation warning: 
Ambigous URI template: /sales/{saleId}/offers/{offerId} 
Parameter not defined:'offerId'
 on Sales > Offer > Retrieve a Sale Offer
[33mwarn[39m: Runtime compilation warning: 
Ambigous URI template: /sales/{saleId}/offers/{offerId} 
Parameter not defined:'saleId'
 on Sales > Offer > Remove a Sale Offer
[33mwarn[39m: Runtime compilation warning: 
Ambigous URI template: /sales/{saleId}/offers/{offerId} 
Parameter not defined:'offerId'
 on Sales > Offer > Remove a Sale Offer
[32mpass[39m: GET / duration: 397ms
[31mfail[39m: POST /auth duration: 303ms
[32mpass[39m: GET /user duration: 297ms
[32mpass[39m: PATCH /user duration: 423ms
[32mpass[39m: GET /user/applications duration: 367ms
[32mpass[39m: GET /user/properties duration: 497ms
[32mpass[39m: GET /user/sales duration: 364ms
[32mpass[39m: GET /users duration: 373ms
[31mfail[39m: POST /users duration: 298ms
[32mpass[39m: GET /applications duration: 391ms
[32mpass[39m: POST /applications duration: 427ms
[32mpass[39m: GET /properties duration: 392ms
[32mpass[39m: POST /properties duration: 550ms
[32mpass[39m: GET /sales duration: 378ms
[34minfo[39m: Displaying failed tests...
[31mfail[39m: POST /auth duration: 303ms
[31mfail[39m: body: The ‘id’ property is required.
body: The ‘token’ property is required.
body: The ‘created’ property is required.
body: The ‘enabled’ property is required.
body: The ‘_links,token:application’ property is required.
body: The _links,token:application property must be an object (current value is undefined).
body: The ‘_links,token:application,href’ property is required.
body: The ‘_links,token:user’ property is required.
body: The _links,token:user property must be an object (current value is undefined).
body: The ‘_links,token:user,href’ property is required.
body: The ‘_embedded’ property is required.
body: The _embedded property must be an object (current value is undefined).
body: The ‘_embedded,application’ property is required.
body: The _embedded,application property must be an object (current value is undefined).
body: The ‘_embedded,application,id’ property is required.
body: The ‘_embedded,application,name’ property is required.
body: The ‘_embedded,application,description’ property is required.
body: The ‘_embedded,application,created’ property is required.
body: The ‘_embedded,application,enabled’ property is required.
body: The ‘_embedded,application,_links’ property is required.
body: The _embedded,application,_links property must be an object (current value is undefined).
body: The ‘_embedded,application,_links,self’ property is required.
body: The _embedded,application,_links,self property must be an object (current value is undefined).
body: The ‘_embedded,application,_links,self,href’ property is required.
statusCode: Real and expected data does not match.

[32mrequest[39m: 
body: 
{
  "username": "User123",
  "password": "Password123"
}
headers: 
    Content-Type: application/json
    X-API-App-Token:  sufhsdufhsfhof924ir2irh9y34523iu58945io43io8435uo345u345o34j5o9
    User-Agent: Dredd/0.3.1 (Linux 3.13.0-24-generic; x64)
    Content-Length: 53
    X-API-User-Token:  42b87b239cc87999937e7c30a350e7917f53b9d22abaf0dbce250d0ebd678bef

uri: /auth
method: POST


[31mexpected[39m: 
headers: 
    Content-Type: application/json

body: 
{
  "id": 1,
  "token": "USER_TOKEN_TOKEN",
  "created": "YYYY-MM-DDTHH:MM:SSZ",
  "enabled": true,
  "_links": {
    "self": {
      "href": "/user/tokens/1"
    },
    "token:application": {
      "href": "/applications/1"
    },
    "token:user": {
      "href": "/user"
    }
  },
  "_embedded": {
    "application": {
      "id": 1,
      "name": "APPLICATION_NAME",
      "description": "APPLICATION_DESCRIPTION",
      "created": "YYYY-MM-DDTHH:MM:SSZ",
      "enabled": true,
      "_links": {
        "self": {
          "href": "/applications/1"
        }
      }
    }
  }
}
statusCode: 201


[31mactual[39m: 
statusCode: 403
headers: 
    date: Thu, 01 May 2014 03:19:12 GMT
    server: Apache/2.4.6 (Ubuntu)
    x-powered-by: PHP/5.5.3-1ubuntu2.2
    cache-control: no-cache
    connection: close
    transfer-encoding: chunked
    content-type: application/json

body: 
{
  "code": 0,
  "type": "Symfony\\Component\\HttpKernel\\Exception\\AccessDeniedHttpException",
  "message": "You must be authenticated anonymously to access this resource.",
  "_links": {
    "self": {
      "href": "/auth"
    }
  }
}



[31mfail[39m: POST /users duration: 298ms
[31mfail[39m: body: The ‘id’ property is required.
body: The ‘username’ property is required.
body: The ‘email’ property is required.
body: The ‘created’ property is required.
body: The ‘enabled’ property is required.
body: The ‘name’ property is required.
body: The ‘location’ property is required.
body: The ‘roles’ property is required.
body: The roles property must be an array (current value is undefined).
body: The ‘roles,0’ property is required.
body: The roles,0 property must be an object (current value is undefined).
body: The ‘roles,0,name’ property is required.
body: The ‘roles,0,role’ property is required.
body: The ‘_links,users:sales’ property is required.
body: The _links,users:sales property must be an object (current value is undefined).
body: The ‘_links,users:sales,href’ property is required.
statusCode: Real and expected data does not match.

[32mrequest[39m: 
body: 
{
  "username": "USER_USERNAME",
  "email": "USER_EMAIL",
  "password": "USER_PASSWORD"
}
headers: 
    Content-Type: application/json
    X-API-App-Token:  sufhsdufhsfhof924ir2irh9y34523iu58945io43io8435uo345u345o34j5o9
    User-Agent: Dredd/0.3.1 (Linux 3.13.0-24-generic; x64)
    Content-Length: 96
    X-API-User-Token:  42b87b239cc87999937e7c30a350e7917f53b9d22abaf0dbce250d0ebd678bef

uri: /users
method: POST


[31mexpected[39m: 
headers: 
    Content-Type: application/json

body: 
{
  "id": 1,
  "username": "USER_USERNAME",
  "email": "USER_EMAIL",
  "created": "YYYY-MM-DDTHH:MM:SSZ",
  "enabled": true,
  "name": "PERSON_NAME",
  "location": "PERSON_LOCATION",
  "roles": [
    {
      "name": "ROLE_NAME",
      "role": "ROLE_ROLE"
    }
  ],
  "_links": {
    "self": {
      "href": "/users/USER_USERNAME"
    },
    "users:sales": {
      "href": "/users/USER_USERNAME/sales"
    }
  }
}
statusCode: 201


[31mactual[39m: 
statusCode: 403
headers: 
    date: Thu, 01 May 2014 03:19:14 GMT
    server: Apache/2.4.6 (Ubuntu)
    x-powered-by: PHP/5.5.3-1ubuntu2.2
    cache-control: no-cache
    connection: close
    transfer-encoding: chunked
    content-type: application/json

body: 
{
  "code": 0,
  "type": "Symfony\\Component\\HttpKernel\\Exception\\AccessDeniedHttpException",
  "message": "You must be authenticated anonymously to access this resource.",
  "_links": {
    "self": {
      "href": "/users"
    }
  }
}



[32mcomplete[39m: 12 passing, 2 failing, 0 errors, 0 skipped
[32mcomplete[39m: Tests took 5550ms
